build/intermediates/manifest_merge_blame_file/debug/manifest-merger-blame-debug-report.txt
1<?xml version="1.0" encoding="utf-8"?>
2<manifest xmlns:android="http://schemas.android.com/apk/res/android"
3    package="comvimal.unityproject"
4    android:installLocation="preferExternal"
5    android:versionCode="1"
6    android:versionName="1.0" >
7
8    <uses-sdk
9        android:minSdkVersion="16"
9-->src\main\AndroidManifest.xml
10        android:targetSdkVersion="30" />
10-->src\main\AndroidManifest.xml
11
12    <supports-screens
12-->src\main\AndroidManifest.xml:6:5-11:40
13        android:anyDensity="true"
13-->src\main\AndroidManifest.xml:7:9-34
14        android:largeScreens="true"
14-->src\main\AndroidManifest.xml:8:9-36
15        android:normalScreens="true"
15-->src\main\AndroidManifest.xml:9:9-37
16        android:smallScreens="true"
16-->src\main\AndroidManifest.xml:10:9-36
17        android:xlargeScreens="true" />
17-->src\main\AndroidManifest.xml:11:9-37
18
19    <uses-feature android:glEsVersion="0x00020000" />
19-->src\main\AndroidManifest.xml:13:5-54
19-->src\main\AndroidManifest.xml:13:19-51
20    <uses-feature
20-->src\main\AndroidManifest.xml:14:5-16:36
21        android:name="android.hardware.touchscreen"
21-->src\main\AndroidManifest.xml:15:9-52
22        android:required="false" />
22-->src\main\AndroidManifest.xml:16:9-33
23    <uses-feature
23-->src\main\AndroidManifest.xml:17:5-19:36
24        android:name="android.hardware.touchscreen.multitouch"
24-->src\main\AndroidManifest.xml:18:9-63
25        android:required="false" />
25-->src\main\AndroidManifest.xml:19:9-33
26    <uses-feature
26-->src\main\AndroidManifest.xml:20:5-22:36
27        android:name="android.hardware.touchscreen.multitouch.distinct"
27-->src\main\AndroidManifest.xml:21:9-72
28        android:required="false" />
28-->src\main\AndroidManifest.xml:22:9-33
29
30    <application
30-->src\main\AndroidManifest.xml:24:5-67:19
31        android:icon="@mipmap/app_icon"
31-->src\main\AndroidManifest.xml:25:9-40
32        android:label="@string/app_name"
32-->src\main\AndroidManifest.xml:26:9-41
33        android:theme="@style/UnityThemeSelector" >
33-->src\main\AndroidManifest.xml:27:9-50
34        <activity
34-->src\main\AndroidManifest.xml:29:9-44:20
35            android:name="comvimal.unityproject.UnityPlayerActivity"
35-->src\main\AndroidManifest.xml:30:13-48
36            android:configChanges="mcc|mnc|locale|touchscreen|keyboard|keyboardHidden|navigation|orientation|screenLayout|uiMode|screenSize|smallestScreenSize|fontScale|layoutDirection|density"
36-->src\main\AndroidManifest.xml:31:13-194
37            android:hardwareAccelerated="false"
37-->src\main\AndroidManifest.xml:32:13-48
38            android:label="@string/app_name"
38-->src\main\AndroidManifest.xml:33:13-45
39            android:launchMode="singleTask"
39-->src\main\AndroidManifest.xml:34:13-44
40            android:screenOrientation="fullSensor" >
40-->src\main\AndroidManifest.xml:35:13-51
41            <meta-data
41-->src\main\AndroidManifest.xml:38:13-40:40
42                android:name="unityplayer.UnityActivity"
42-->src\main\AndroidManifest.xml:39:17-57
43                android:value="true" />
43-->src\main\AndroidManifest.xml:40:17-37
44            <meta-data
44-->src\main\AndroidManifest.xml:41:13-43:40
45                android:name="android.notch_support"
45-->src\main\AndroidManifest.xml:42:17-53
46                android:value="true" />
46-->src\main\AndroidManifest.xml:43:17-37
47        </activity>
48        <activity android:name="comvimal.unityproject.MainActivity" >
48-->src\main\AndroidManifest.xml:46:9-53:20
48-->src\main\AndroidManifest.xml:46:19-47
49            <intent-filter>
49-->src\main\AndroidManifest.xml:48:13-52:29
50                <action android:name="android.intent.action.MAIN" />
50-->src\main\AndroidManifest.xml:49:17-69
50-->src\main\AndroidManifest.xml:49:25-66
51
52                <category android:name="android.intent.category.LAUNCHER" />
52-->src\main\AndroidManifest.xml:51:17-77
52-->src\main\AndroidManifest.xml:51:27-74
53            </intent-filter>
54        </activity>
55
56        <meta-data
56-->src\main\AndroidManifest.xml:55:9-57:68
57            android:name="unity.build-id"
57-->src\main\AndroidManifest.xml:56:13-42
58            android:value="93b57ca0-a83e-47b2-a010-deb04751b729" />
58-->src\main\AndroidManifest.xml:57:13-65
59        <meta-data
59-->src\main\AndroidManifest.xml:58:9-60:33
60            android:name="unity.splash-mode"
60-->src\main\AndroidManifest.xml:59:13-45
61            android:value="0" />
61-->src\main\AndroidManifest.xml:60:13-30
62        <meta-data
62-->src\main\AndroidManifest.xml:61:9-63:36
63            android:name="unity.splash-enable"
63-->src\main\AndroidManifest.xml:62:13-47
64            android:value="True" />
64-->src\main\AndroidManifest.xml:63:13-33
65        <meta-data
65-->src\main\AndroidManifest.xml:64:9-66:50
66            android:name="notch.config"
66-->src\main\AndroidManifest.xml:65:13-40
67            android:value="portrait|landscape" />
67-->src\main\AndroidManifest.xml:66:13-47
68    </application>
69
70</manifest>